<?xml version="1.0" encoding="UTF-8"?>
<testng-results ignored="0" total="4" passed="4" failed="0" skipped="0">
  <reporter-output>
  </reporter-output>
  <suite started-at="2025-10-16T11:45:52 IST" name="Suite" finished-at="2025-10-16T11:48:03 IST" duration-ms="131433">
    <groups>
    </groups>
    <test started-at="2025-10-16T11:45:52 IST" name="ChromeTest" finished-at="2025-10-16T11:46:44 IST" duration-ms="52008">
      <class name="testCases.HomeTest_002">
        <test-method is-config="true" signature="setUp(java.lang.String)[pri:0, instance:testCases.HomeTest_002@6f01b95f]" started-at="2025-10-16T11:45:52 IST" name="setUp" finished-at="2025-10-16T11:46:10 IST" duration-ms="18687" status="PASS">
          <params>
            <param index="0">
              <value>
                <![CDATA[chrome]]>
              </value>
            </param>
          </params>
          <reporter-output>
          </reporter-output>
        </test-method> <!-- setUp -->
        <test-method signature="to_verify_home()[pri:0, instance:testCases.HomeTest_002@6f01b95f]" started-at="2025-10-16T11:46:10 IST" name="to_verify_home" finished-at="2025-10-16T11:46:44 IST" duration-ms="33135" status="PASS">
          <reporter-output>
          </reporter-output>
        </test-method> <!-- to_verify_home -->
      </class> <!-- testCases.HomeTest_002 -->
      <class name="testCases.Login_Test_001">
        <test-method is-config="true" signature="setUp(java.lang.String)[pri:0, instance:testCases.Login_Test_001@4f32a3ad]" started-at="2025-10-16T11:45:52 IST" name="setUp" finished-at="2025-10-16T11:46:12 IST" duration-ms="20128" status="PASS">
          <params>
            <param index="0">
              <value>
                <![CDATA[chrome]]>
              </value>
            </param>
          </params>
          <reporter-output>
          </reporter-output>
        </test-method> <!-- setUp -->
        <test-method signature="verify_Account_Login()[pri:0, instance:testCases.Login_Test_001@4f32a3ad]" started-at="2025-10-16T11:46:12 IST" name="verify_Account_Login" finished-at="2025-10-16T11:46:19 IST" duration-ms="6906" status="PASS">
          <reporter-output>
          </reporter-output>
        </test-method> <!-- verify_Account_Login -->
      </class> <!-- testCases.Login_Test_001 -->
    </test> <!-- ChromeTest -->
    <test started-at="2025-10-16T11:46:44 IST" name="FirefoxTest" finished-at="2025-10-16T11:48:03 IST" duration-ms="79230">
      <class name="testCases.HomeTest_002">
        <test-method is-config="true" signature="setUp(java.lang.String)[pri:0, instance:testCases.HomeTest_002@821330f]" started-at="2025-10-16T11:46:44 IST" name="setUp" finished-at="2025-10-16T11:47:33 IST" duration-ms="49195" status="PASS">
          <params>
            <param index="0">
              <value>
                <![CDATA[firefox]]>
              </value>
            </param>
          </params>
          <reporter-output>
          </reporter-output>
        </test-method> <!-- setUp -->
        <test-method signature="to_verify_home()[pri:0, instance:testCases.HomeTest_002@821330f]" started-at="2025-10-16T11:47:33 IST" name="to_verify_home" finished-at="2025-10-16T11:48:03 IST" duration-ms="30017" status="PASS">
          <reporter-output>
          </reporter-output>
        </test-method> <!-- to_verify_home -->
      </class> <!-- testCases.HomeTest_002 -->
      <class name="testCases.Login_Test_001">
        <test-method is-config="true" signature="setUp(java.lang.String)[pri:0, instance:testCases.Login_Test_001@1b1cfb87]" started-at="2025-10-16T11:46:44 IST" name="setUp" finished-at="2025-10-16T11:47:34 IST" duration-ms="50363" status="PASS">
          <params>
            <param index="0">
              <value>
                <![CDATA[firefox]]>
              </value>
            </param>
          </params>
          <reporter-output>
          </reporter-output>
        </test-method> <!-- setUp -->
        <test-method signature="verify_Account_Login()[pri:0, instance:testCases.Login_Test_001@1b1cfb87]" started-at="2025-10-16T11:47:34 IST" name="verify_Account_Login" finished-at="2025-10-16T11:47:48 IST" duration-ms="13917" status="PASS">
          <reporter-output>
          </reporter-output>
        </test-method> <!-- verify_Account_Login -->
      </class> <!-- testCases.Login_Test_001 -->
    </test> <!-- FirefoxTest -->
  </suite> <!-- Suite -->
</testng-results>
