<?xml version="1.0" encoding="UTF-8"?>
<!-- Generated by org.testng.reporters.JUnitReportReporter -->
<testsuite hostname="DESKTOP-FFIO7TC" failures="0" tests="2" name="testCases.Login_Test_001" time="20.823" errors="0" timestamp="2025-10-16T11:48:06 IST" skipped="0">
  <testcase classname="testCases.Login_Test_001" name="verify_Account_Login" time="6.906"/>
  <testcase classname="testCases.Login_Test_001" name="verify_Account_Login" time="13.917"/>
</testsuite> <!-- testCases.Login_Test_001 -->
